

Microchip Technology PIC18 LITE Macro Assembler V1.35 build -356382666 
                                                                                               Mon Mar 08 23:06:36 2021

Microchip Technology Omniscient Code Generator v1.35 (Free mode) build 201507080246
     1                           	processor	18F4525
     2                           	fnconf	rparam,??,?,0
     3                           	opt	pw 120
     4                           	opt	lm
     5                           	psect	idataCOMRAM,global,class=CODE,delta=1
     6                           	psect	cinit,global,reloc=2,class=CODE,delta=1
     7                           	psect	bssCOMRAM,global,class=COMRAM,space=1,delta=1
     8                           	psect	dataCOMRAM,global,class=COMRAM,space=1,delta=1
     9                           	psect	cstackCOMRAM,global,class=COMRAM,space=1,delta=1
    10                           	psect	text0,global,reloc=2,class=CODE,delta=1
    11                           	psect	text1,global,reloc=2,class=CODE,delta=1
    12                           	psect	text2,global,reloc=2,class=CODE,delta=1
    13                           	psect	intsave_regs,global,class=BIGRAM,space=1,delta=1
    14                           	psect	rparam,global,class=COMRAM,space=1,delta=1
    15  0000                     
    16                           	psect	idataCOMRAM
    17  00BF2E                     __pidataCOMRAM:
    18                           	opt stack 0
    19                           
    20                           ;initializer for _sevenDisplay
    21  00BF2E  40                 	db	64
    22  00BF2F  79                 	db	121
    23  00BF30  24                 	db	36
    24  00BF31  30                 	db	48
    25  00BF32  19                 	db	25
    26  00BF33  12                 	db	18
    27  00BF34  03                 	db	3
    28  00BF35  78                 	db	120
    29  00BF36  00                 	db	0
    30  00BF37  18                 	db	24
    31  0000                     _TMR0	set	4054
    32  0000                     _ADCON0	set	4034
    33  0000                     _ADCON1	set	4033
    34  0000                     _OSCCON	set	4051
    35  0000                     _OSCTUNE	set	3995
    36  0000                     _PORTA	set	3968
    37  0000                     _PORTAbits	set	3968
    38  0000                     _PORTB	set	3969
    39  0000                     _PORTC	set	3970
    40  0000                     _PORTD	set	3971
    41  0000                     _PORTE	set	3972
    42  0000                     _T0CON	set	4053
    43  0000                     _TRISA	set	3986
    44  0000                     _TRISB	set	3987
    45  0000                     _TRISC	set	3988
    46  0000                     _TRISD	set	3989
    47  0000                     _TRISE	set	3990
    48                           
    49                           ; #config settings
    50  0000                     
    51                           	psect	cinit
    52  00BF5E                     __pcinit:
    53                           	opt stack 0
    54  00BF5E                     start_initialization:
    55                           	opt stack 0
    56  00BF5E                     __initialization:
    57                           	opt stack 0
    58                           
    59                           ; Clear objects allocated to COMRAM (4 bytes)
    60  00BF5E  6A0E               	clrf	(__pbssCOMRAM+3)& (0+255),c
    61  00BF60  6A0D               	clrf	(__pbssCOMRAM+2)& (0+255),c
    62  00BF62  6A0C               	clrf	(__pbssCOMRAM+1)& (0+255),c
    63  00BF64  6A0B               	clrf	__pbssCOMRAM& (0+255),c
    64                           
    65                           ; Initialize objects allocated to COMRAM (10 bytes)
    66                           ; load TBLPTR registers with __pidataCOMRAM
    67  00BF66  0E2E               	movlw	low __pidataCOMRAM
    68  00BF68  6EF6               	movwf	tblptrl,c
    69  00BF6A  0EBF               	movlw	high __pidataCOMRAM
    70  00BF6C  6EF7               	movwf	tblptrh,c
    71  00BF6E  0E00               	movlw	low (__pidataCOMRAM shr (0+16))
    72  00BF70  6EF8               	movwf	tblptru,c
    73  00BF72  EE00  F001         	lfsr	0,__pdataCOMRAM
    74  00BF76  EE10 F00A          	lfsr	1,10
    75  00BF7A                     copy_data0:
    76  00BF7A  0009               	tblrd		*+
    77  00BF7C  CFF5 FFEE          	movff	tablat,postinc0
    78  00BF80  50E5               	movf	postdec1,w,c
    79  00BF82  50E1               	movf	fsr1l,w,c
    80  00BF84  E1FA               	bnz	copy_data0
    81  00BF86                     end_of_initialization:
    82                           	opt stack 0
    83  00BF86                     __end_of__initialization:
    84                           	opt stack 0
    85  00BF86  0100               	movlb	0
    86  00BF88  EFE3  F05F         	goto	_main	;jump to C main() function
    87                           tblptru	equ	0xFF8
    88                           tblptrh	equ	0xFF7
    89                           tblptrl	equ	0xFF6
    90                           tablat	equ	0xFF5
    91                           postinc0	equ	0xFEE
    92                           postdec1	equ	0xFE5
    93                           fsr1l	equ	0xFE1
    94                           
    95                           	psect	bssCOMRAM
    96  00000B                     __pbssCOMRAM:
    97                           	opt stack 0
    98  00000B                     _displayPointer:
    99                           	opt stack 0
   100  00000B                     	ds	2
   101  00000D                     _m:
   102                           	opt stack 0
   103  00000D                     	ds	1
   104  00000E                     _n:
   105                           	opt stack 0
   106  00000E                     	ds	1
   107                           tblptru	equ	0xFF8
   108                           tblptrh	equ	0xFF7
   109                           tblptrl	equ	0xFF6
   110                           tablat	equ	0xFF5
   111                           postinc0	equ	0xFEE
   112                           postdec1	equ	0xFE5
   113                           fsr1l	equ	0xFE1
   114                           
   115                           	psect	dataCOMRAM
   116  000001                     __pdataCOMRAM:
   117                           	opt stack 0
   118  000001                     _sevenDisplay:
   119                           	opt stack 0
   120  000001                     	ds	10
   121                           tblptru	equ	0xFF8
   122                           tblptrh	equ	0xFF7
   123                           tblptrl	equ	0xFF6
   124                           tablat	equ	0xFF5
   125                           postinc0	equ	0xFEE
   126                           postdec1	equ	0xFE5
   127                           fsr1l	equ	0xFE1
   128                           
   129                           	psect	cstackCOMRAM
   130  00000F                     __pcstackCOMRAM:
   131                           	opt stack 0
   132  00000F                     delay@t:
   133                           	opt stack 0
   134                           
   135                           ; 1 bytes @ 0x0
   136  00000F                     	ds	1
   137  000010                     tblptru	equ	0xFF8
   138                           tblptrh	equ	0xFF7
   139                           tblptrl	equ	0xFF6
   140                           tablat	equ	0xFF5
   141                           postinc0	equ	0xFEE
   142                           postdec1	equ	0xFE5
   143                           fsr1l	equ	0xFE1
   144                           
   145                           ; 0 bytes @ 0x1
   146 ;;
   147 ;;Main: autosize = 0, tempsize = 0, incstack = 0, save=0
   148 ;;
   149 ;; *************** function _main *****************
   150 ;; Defined at:
   151 ;;		line 47 in file "improved7segdiaplyprog.c"
   152 ;; Parameters:    Size  Location     Type
   153 ;;		None
   154 ;; Auto vars:     Size  Location     Type
   155 ;;		None
   156 ;; Return value:  Size  Location     Type
   157 ;;		None               void
   158 ;; Registers used:
   159 ;;		wreg, fsr2l, fsr2h, status,2, status,0, cstack
   160 ;; Tracked objects:
   161 ;;		On entry : 0/0
   162 ;;		On exit  : 0/0
   163 ;;		Unchanged: 0/0
   164 ;; Data sizes:     COMRAM   BANK0   BANK1   BANK2   BANK3   BANK4   BANK5   BANK6   BANK7   BANK8   BANK9  BANK10  BANK1
      +1  BANK12  BANK13  BANK14  BANK15
   165 ;;      Params:         0       0       0       0       0       0       0       0       0       0       0       0       
      +0       0       0       0       0
   166 ;;      Locals:         0       0       0       0       0       0       0       0       0       0       0       0       
      +0       0       0       0       0
   167 ;;      Temps:          0       0       0       0       0       0       0       0       0       0       0       0       
      +0       0       0       0       0
   168 ;;      Totals:         0       0       0       0       0       0       0       0       0       0       0       0       
      +0       0       0       0       0
   169 ;;Total ram usage:        0 bytes
   170 ;; Hardware stack levels required when called:    1
   171 ;; This function calls:
   172 ;;		_delay
   173 ;;		_initialise
   174 ;; This function is called by:
   175 ;;		Startup code after reset
   176 ;; This function uses a non-reentrant model
   177 ;;
   178                           
   179                           	psect	text0
   180  00BFC6                     __ptext0:
   181                           	opt stack 0
   182  00BFC6                     _main:
   183                           	opt stack 30
   184                           
   185                           ;improved7segdiaplyprog.c: 49: initialise ();
   186                           
   187                           ;incstack = 0
   188  00BFC6  ECC6  F05F         	call	_initialise	;wreg free
   189  00BFCA                     l58:
   190  00BFCA  A080               	btfss	3968,0,c	;volatile
   191  00BFCC  D7FE               	goto	l58
   192  00BFCE                     l699:
   193                           
   194                           ;improved7segdiaplyprog.c: 52: {
   195                           ;improved7segdiaplyprog.c: 53: displayPointer = sevenDisplay;
   196  00BFCE  0E01               	movlw	low _sevenDisplay
   197  00BFD0  6E0B               	movwf	_displayPointer,c
   198  00BFD2  0E00               	movlw	high _sevenDisplay
   199  00BFD4  6E0C               	movwf	_displayPointer+1,c
   200                           
   201                           ;improved7segdiaplyprog.c: 54: for (m = 0; m <10; m ++ )
   202  00BFD6  0E00               	movlw	0
   203  00BFD8  6E0D               	movwf	_m,c
   204  00BFDA                     l703:
   205  00BFDA  0E09               	movlw	9
   206  00BFDC  640D               	cpfsgt	_m,c
   207  00BFDE  D001               	goto	l62
   208  00BFE0  D7F6               	goto	l699
   209  00BFE2                     l62:
   210                           
   211                           ;improved7segdiaplyprog.c: 55: {
   212                           ;improved7segdiaplyprog.c: 56: if (PORTAbits.RA1) goto start;
   213  00BFE2  B280               	btfsc	3968,1,c	;volatile
   214  00BFE4  D7F2               	goto	l58
   215                           
   216                           ;improved7segdiaplyprog.c: 57: PORTB = *displayPointer;
   217  00BFE6  C00B  FFD9         	movff	_displayPointer,fsr2l
   218  00BFEA  C00C  FFDA         	movff	_displayPointer+1,fsr2h
   219  00BFEE  50DF               	movf	indf2,w,c
   220  00BFF0  6E81               	movwf	3969,c	;volatile
   221                           
   222                           ;improved7segdiaplyprog.c: 58: displayPointer ++;
   223  00BFF2  4A0B               	infsnz	_displayPointer,f,c
   224  00BFF4  2A0C               	incf	_displayPointer+1,f,c
   225                           
   226                           ;improved7segdiaplyprog.c: 59: delay (61);
   227  00BFF6  0E3D               	movlw	61
   228  00BFF8  EC9C  F05F         	call	_delay
   229  00BFFC  2A0D               	incf	_m,f,c
   230  00BFFE  D7ED               	goto	l703
   231  00C000                     __end_of_main:
   232                           	opt stack 0
   233                           tblptru	equ	0xFF8
   234                           tblptrh	equ	0xFF7
   235                           tblptrl	equ	0xFF6
   236                           tablat	equ	0xFF5
   237                           postinc0	equ	0xFEE
   238                           postdec1	equ	0xFE5
   239                           fsr1l	equ	0xFE1
   240                           indf2	equ	0xFDF
   241                           fsr2h	equ	0xFDA
   242                           fsr2l	equ	0xFD9
   243                           
   244 ;; *************** function _initialise *****************
   245 ;; Defined at:
   246 ;;		line 1 in file "C:\Program Files (x86)\Microchip\xc8\v1.35\include\PICSetup.h"
   247 ;; Parameters:    Size  Location     Type
   248 ;;		None
   249 ;; Auto vars:     Size  Location     Type
   250 ;;		None
   251 ;; Return value:  Size  Location     Type
   252 ;;		None               void
   253 ;; Registers used:
   254 ;;		wreg, status,2
   255 ;; Tracked objects:
   256 ;;		On entry : 0/0
   257 ;;		On exit  : 0/0
   258 ;;		Unchanged: 0/0
   259 ;; Data sizes:     COMRAM   BANK0   BANK1   BANK2   BANK3   BANK4   BANK5   BANK6   BANK7   BANK8   BANK9  BANK10  BANK1
      +1  BANK12  BANK13  BANK14  BANK15
   260 ;;      Params:         0       0       0       0       0       0       0       0       0       0       0       0       
      +0       0       0       0       0
   261 ;;      Locals:         0       0       0       0       0       0       0       0       0       0       0       0       
      +0       0       0       0       0
   262 ;;      Temps:          0       0       0       0       0       0       0       0       0       0       0       0       
      +0       0       0       0       0
   263 ;;      Totals:         0       0       0       0       0       0       0       0       0       0       0       0       
      +0       0       0       0       0
   264 ;;Total ram usage:        0 bytes
   265 ;; Hardware stack levels used:    1
   266 ;; This function calls:
   267 ;;		Nothing
   268 ;; This function is called by:
   269 ;;		_main
   270 ;; This function uses a non-reentrant model
   271 ;;
   272                           
   273                           	psect	text1
   274  00BF8C                     __ptext1:
   275                           	opt stack 0
   276  00BF8C                     _initialise:
   277                           	opt stack 30
   278                           
   279                           ;PICSetup.h: 3: PORTA = 0;
   280                           
   281                           ;incstack = 0
   282  00BF8C  0E00               	movlw	0
   283  00BF8E  6E80               	movwf	3968,c	;volatile
   284                           
   285                           ;PICSetup.h: 4: PORTB = 0;
   286  00BF90  0E00               	movlw	0
   287  00BF92  6E81               	movwf	3969,c	;volatile
   288                           
   289                           ;PICSetup.h: 5: PORTC = 0;
   290  00BF94  0E00               	movlw	0
   291  00BF96  6E82               	movwf	3970,c	;volatile
   292                           
   293                           ;PICSetup.h: 6: PORTD = 0;
   294  00BF98  0E00               	movlw	0
   295  00BF9A  6E83               	movwf	3971,c	;volatile
   296                           
   297                           ;PICSetup.h: 7: PORTE = 0;
   298  00BF9C  0E00               	movlw	0
   299  00BF9E  6E84               	movwf	3972,c	;volatile
   300                           
   301                           ;PICSetup.h: 8: TRISA = 0XFF;
   302  00BFA0  6892               	setf	3986,c	;volatile
   303                           
   304                           ;PICSetup.h: 9: TRISB = 0;
   305  00BFA2  0E00               	movlw	0
   306  00BFA4  6E93               	movwf	3987,c	;volatile
   307                           
   308                           ;PICSetup.h: 10: TRISC = 0;
   309  00BFA6  0E00               	movlw	0
   310  00BFA8  6E94               	movwf	3988,c	;volatile
   311                           
   312                           ;PICSetup.h: 11: TRISD = 0b11111111;
   313  00BFAA  6895               	setf	3989,c	;volatile
   314                           
   315                           ;PICSetup.h: 12: TRISE = 0;
   316  00BFAC  0E00               	movlw	0
   317  00BFAE  6E96               	movwf	3990,c	;volatile
   318                           
   319                           ;PICSetup.h: 13: ADCON0 = 0;
   320  00BFB0  0E00               	movlw	0
   321  00BFB2  6EC2               	movwf	4034,c	;volatile
   322                           
   323                           ;PICSetup.h: 14: ADCON1 = 0b00001111;
   324  00BFB4  0E0F               	movlw	15
   325  00BFB6  6EC1               	movwf	4033,c	;volatile
   326                           
   327                           ;PICSetup.h: 15: OSCTUNE = 0;
   328  00BFB8  0E00               	movlw	0
   329  00BFBA  6E9B               	movwf	3995,c	;volatile
   330                           
   331                           ;PICSetup.h: 16: OSCCON = 0b01110100;
   332  00BFBC  0E74               	movlw	116
   333  00BFBE  6ED3               	movwf	4051,c	;volatile
   334                           
   335                           ;PICSetup.h: 17: T0CON = 0b11000111;
   336  00BFC0  0EC7               	movlw	199
   337  00BFC2  6ED5               	movwf	4053,c	;volatile
   338  00BFC4  0012               	return		;funcret
   339  00BFC6                     __end_of_initialise:
   340                           	opt stack 0
   341                           tblptru	equ	0xFF8
   342                           tblptrh	equ	0xFF7
   343                           tblptrl	equ	0xFF6
   344                           tablat	equ	0xFF5
   345                           postinc0	equ	0xFEE
   346                           postdec1	equ	0xFE5
   347                           fsr1l	equ	0xFE1
   348                           indf2	equ	0xFDF
   349                           fsr2h	equ	0xFDA
   350                           fsr2l	equ	0xFD9
   351                           
   352 ;; *************** function _delay *****************
   353 ;; Defined at:
   354 ;;		line 39 in file "improved7segdiaplyprog.c"
   355 ;; Parameters:    Size  Location     Type
   356 ;;  t               1    wreg     unsigned char 
   357 ;; Auto vars:     Size  Location     Type
   358 ;;  t               1    0[COMRAM] unsigned char 
   359 ;; Return value:  Size  Location     Type
   360 ;;		None               void
   361 ;; Registers used:
   362 ;;		wreg, status,2, status,0
   363 ;; Tracked objects:
   364 ;;		On entry : 0/0
   365 ;;		On exit  : 0/0
   366 ;;		Unchanged: 0/0
   367 ;; Data sizes:     COMRAM   BANK0   BANK1   BANK2   BANK3   BANK4   BANK5   BANK6   BANK7   BANK8   BANK9  BANK10  BANK1
      +1  BANK12  BANK13  BANK14  BANK15
   368 ;;      Params:         0       0       0       0       0       0       0       0       0       0       0       0       
      +0       0       0       0       0
   369 ;;      Locals:         1       0       0       0       0       0       0       0       0       0       0       0       
      +0       0       0       0       0
   370 ;;      Temps:          0       0       0       0       0       0       0       0       0       0       0       0       
      +0       0       0       0       0
   371 ;;      Totals:         1       0       0       0       0       0       0       0       0       0       0       0       
      +0       0       0       0       0
   372 ;;Total ram usage:        1 bytes
   373 ;; Hardware stack levels used:    1
   374 ;; This function calls:
   375 ;;		Nothing
   376 ;; This function is called by:
   377 ;;		_main
   378 ;; This function uses a non-reentrant model
   379 ;;
   380                           
   381                           	psect	text2
   382  00BF38                     __ptext2:
   383                           	opt stack 0
   384  00BF38                     _delay:
   385                           	opt stack 30
   386                           
   387                           ;incstack = 0
   388                           ;delay@t stored from wreg
   389  00BF38  6E0F               	movwf	delay@t,c
   390                           
   391                           ;improved7segdiaplyprog.c: 41: for (n = 0; n < t; n++)
   392  00BF3A  0E00               	movlw	0
   393  00BF3C  6E0E               	movwf	_n,c
   394  00BF3E  D00A               	goto	l695
   395  00BF40                     l689:
   396                           
   397                           ;improved7segdiaplyprog.c: 42: {
   398                           ;improved7segdiaplyprog.c: 43: TMR0 = 0;
   399  00BF40  0E00               	movlw	0
   400  00BF42  6ED7               	movwf	4055,c	;volatile
   401  00BF44  0E00               	movlw	0
   402  00BF46  6ED6               	movwf	4054,c	;volatile
   403  00BF48                     l691:
   404  00BF48  50D7               	movf	4055,w,c	;volatile
   405  00BF4A  E103               	bnz	l693
   406  00BF4C  28D6               	incf	4054,w,c	;volatile
   407  00BF4E  A0D8               	btfss	status,0,c
   408  00BF50  D7FB               	goto	l691
   409  00BF52                     l693:
   410  00BF52  2A0E               	incf	_n,f,c
   411  00BF54                     l695:
   412  00BF54  500F               	movf	delay@t,w,c
   413  00BF56  5C0E               	subwf	_n,w,c
   414  00BF58  B0D8               	btfsc	status,0,c
   415  00BF5A  0012               	return	
   416  00BF5C  D7F1               	goto	l689
   417  00BF5E                     __end_of_delay:
   418                           	opt stack 0
   419  0000                     tblptru	equ	0xFF8
   420                           tblptrh	equ	0xFF7
   421                           tblptrl	equ	0xFF6
   422                           tablat	equ	0xFF5
   423                           postinc0	equ	0xFEE
   424                           postdec1	equ	0xFE5
   425                           fsr1l	equ	0xFE1
   426                           indf2	equ	0xFDF
   427                           fsr2h	equ	0xFDA
   428                           fsr2l	equ	0xFD9
   429                           status	equ	0xFD8
   430                           tblptru	equ	0xFF8
   431                           tblptrh	equ	0xFF7
   432                           tblptrl	equ	0xFF6
   433                           tablat	equ	0xFF5
   434                           postinc0	equ	0xFEE
   435                           postdec1	equ	0xFE5
   436                           fsr1l	equ	0xFE1
   437                           indf2	equ	0xFDF
   438                           fsr2h	equ	0xFDA
   439                           fsr2l	equ	0xFD9
   440                           status	equ	0xFD8
   441                           
   442                           	psect	rparam
   443  0000                     tblptru	equ	0xFF8
   444                           tblptrh	equ	0xFF7
   445                           tblptrl	equ	0xFF6
   446                           tablat	equ	0xFF5
   447                           postinc0	equ	0xFEE
   448                           postdec1	equ	0xFE5
   449                           fsr1l	equ	0xFE1
   450                           indf2	equ	0xFDF
   451                           fsr2h	equ	0xFDA
   452                           fsr2l	equ	0xFD9
   453                           status	equ	0xFD8


Data Sizes:
    Strings     0
    Constant    0
    Data        10
    BSS         4
    Persistent  0
    Stack       0

Auto Spaces:
    Space          Size  Autos    Used
    COMRAM          127      1      15
    BANK0           128      0       0
    BANK1           256      0       0
    BANK2           256      0       0
    BANK3           256      0       0
    BANK4           256      0       0
    BANK5           256      0       0
    BANK6           256      0       0
    BANK7           256      0       0
    BANK8           256      0       0
    BANK9           256      0       0
    BANK10          256      0       0
    BANK11          256      0       0
    BANK12          256      0       0
    BANK13          256      0       0
    BANK14          256      0       0
    BANK15          128      0       0

Pointer List with Targets:

    displayPointer	PTR unsigned char  size(2) Largest target is 10
		 -> NULL(NULL[0]), sevenDisplay(COMRAM[10]), 


Critical Paths under _main in COMRAM

    _main->_delay

Critical Paths under _main in BANK0

    None.

Critical Paths under _main in BANK1

    None.

Critical Paths under _main in BANK2

    None.

Critical Paths under _main in BANK3

    None.

Critical Paths under _main in BANK4

    None.

Critical Paths under _main in BANK5

    None.

Critical Paths under _main in BANK6

    None.

Critical Paths under _main in BANK7

    None.

Critical Paths under _main in BANK8

    None.

Critical Paths under _main in BANK9

    None.

Critical Paths under _main in BANK10

    None.

Critical Paths under _main in BANK11

    None.

Critical Paths under _main in BANK12

    None.

Critical Paths under _main in BANK13

    None.

Critical Paths under _main in BANK14

    None.

Critical Paths under _main in BANK15

    None.

Call Graph Tables:

 ---------------------------------------------------------------------------------
 (Depth) Function   	        Calls       Base Space   Used Autos Params    Refs
 ---------------------------------------------------------------------------------
 (0) _main                                                 0     0      0      15
                              _delay
                         _initialise
 ---------------------------------------------------------------------------------
 (1) _initialise                                           0     0      0       0
 ---------------------------------------------------------------------------------
 (1) _delay                                                1     1      0      15
                                              0 COMRAM     1     1      0
 ---------------------------------------------------------------------------------
 Estimated maximum stack depth 1
 ---------------------------------------------------------------------------------

 Call Graph Graphs:

 _main (ROOT)
   _delay
   _initialise

 Address spaces:
Name               Size   Autos  Total    Cost      Usage
BIGRAM             F7F      0       0      37        0.0%
EEDATA             400      0       0       0        0.0%
BITBANK14          100      0       0      32        0.0%
BANK14             100      0       0      33        0.0%
BITBANK13          100      0       0      30        0.0%
BANK13             100      0       0      31        0.0%
BITBANK12          100      0       0      28        0.0%
BANK12             100      0       0      29        0.0%
BITBANK11          100      0       0      26        0.0%
BANK11             100      0       0      27        0.0%
BITBANK10          100      0       0      24        0.0%
BANK10             100      0       0      25        0.0%
BITBANK9           100      0       0      22        0.0%
BANK9              100      0       0      23        0.0%
BITBANK8           100      0       0      20        0.0%
BANK8              100      0       0      21        0.0%
BITBANK7           100      0       0      18        0.0%
BANK7              100      0       0      19        0.0%
BITBANK6           100      0       0      16        0.0%
BANK6              100      0       0      17        0.0%
BITBANK5           100      0       0      14        0.0%
BANK5              100      0       0      15        0.0%
BITBANK4           100      0       0      12        0.0%
BANK4              100      0       0      13        0.0%
BITBANK3           100      0       0      10        0.0%
BANK3              100      0       0      11        0.0%
BITBANK2           100      0       0       8        0.0%
BANK2              100      0       0       9        0.0%
BITBANK1           100      0       0       6        0.0%
BANK1              100      0       0       7        0.0%
BITBANK15           80      0       0      35        0.0%
BANK15              80      0       0      36        0.0%
BITBANK0            80      0       0       4        0.0%
BANK0               80      0       0       5        0.0%
BITCOMRAM           7F      0       0       0        0.0%
COMRAM              7F      1       F       1       11.8%
BITSFR               0      0       0      40        0.0%
SFR                  0      0       0      40        0.0%
STACK                0      0       0       2        0.0%
NULL                 0      0       0       0        0.0%
ABS                  0      0       F      34        0.0%
DATA                 0      0       F       3        0.0%
CODE                 0      0       0       0        0.0%


Microchip Technology PIC18 Macro Assembler V1.35 build -356382666 
Symbol Table                                                                                   Mon Mar 08 23:06:36 2021

                      _m 000D                        _n 000E                       l62 BFE2  
                     l58 BFCA              __CFG_BORV$3 000000             __CFG_CP0$OFF 000000  
           __CFG_CP1$OFF 000000             __CFG_CP2$OFF 000000                      l703 BFDA  
                    l691 BF48                      l693 BF52                      l695 BF54  
                    l689 BF40                      l699 BFCE             __CFG_CPB$OFF 000000  
           __CFG_CPD$OFF 000000             __CFG_LVP$OFF 000000             __CFG_WDT$OFF 000000  
                   _TMR0 000FD6                     _main BFC6                     fsr2h 000FDA  
                   fsr1l 000FE1                     indf2 000FDF                     fsr2l 000FD9  
                   start 0000            __CFG_IESO$OFF 000000            __CFG_MCLRE$ON 000000  
           ___param_bank 000010                    ?_main 000F                    _T0CON 000FD5  
                  _PORTA 000F80                    _PORTB 000F81                    _PORTC 000F82  
                  _PORTD 000F83                    _PORTE 000F84                    _TRISA 000F92  
                  _TRISB 000F93                    _TRISC 000F94                    _TRISD 000F95  
                  _TRISE 000F96            __CFG_PWRT$OFF 000000            __CFG_WRT0$OFF 000000  
          __CFG_WRT1$OFF 000000            __CFG_WRT2$OFF 000000           __CFG_EBTR0$OFF 000000  
         __CFG_FCMEN$OFF 000000           __CFG_EBTR1$OFF 000000           __CFG_EBTR2$OFF 000000  
          __CFG_WRTB$OFF 000000            __CFG_WRTC$OFF 000000            __CFG_WRTD$OFF 000000  
         __CFG_EBTRB$OFF 000000                    _delay BF38                    tablat 000FF5  
                  status 000FD8           __CFG_PBADEN$ON 000000          __initialization BF5E  
           __end_of_main C000                   ??_main 0010            __activetblptr 000000  
                 ?_delay 000F                   _ADCON0 000FC2                   _ADCON1 000FC1  
                 _OSCCON 000FD3           __CFG_XINST$OFF 000000           __CFG_STVREN$ON 000000  
                 delay@t 000F             __pdataCOMRAM 0001                   tblptrh 000FF7  
                 tblptrl 000FF6                   tblptru 000FF8               __accesstop 0080  
__end_of__initialization BF86            ___rparam_used 000001           __pcstackCOMRAM 000F  
          __end_of_delay BF5E                  ??_delay 000F                  _OSCTUNE 000F9B  
                __Hparam 0000                  __Lparam 0000                  __pcinit BF5E  
                __ramtop 1000               _initialise BF8C                  __ptext0 BFC6  
                __ptext1 BF8C                  __ptext2 BF38     end_of_initialization BF86  
                postdec1 000FE5                  postinc0 000FEE                _PORTAbits 000F80  
          __pidataCOMRAM BF2E              ?_initialise 000F      start_initialization BF5E  
       __CFG_OSC$INTIO67 000000         __CFG_LPT1OSC$OFF 000000              __pbssCOMRAM 000B  
    __size_of_initialise 003A        __CFG_CCP2MX$PORTC 000000           __size_of_delay 0026  
       __CFG_WDTPS$32768 000000                copy_data0 BF7A                 __Hrparam 0000  
               __Lrparam 0000       __CFG_BOREN$SBORDIS 000000             ??_initialise 000F  
          __size_of_main 003A       __end_of_initialise BFC6             _sevenDisplay 0001  
         _displayPointer 000B  
